<?xml version="1.0" encoding="UTF-8"?>
<testsuites name="Regression Test Suite" time="32.643" tests="2" failures="0" errors="0">
   <testsuite name="Regression Test Suite" tests="2" failures="0" errors="0" time="32.643" skipped="0" timestamp="2022-11-11 11:26:21" hostname="rekha.veerabathran - HTCLT624.HTCINC.LOCAL" id="Test Suites/Regression Test Suite">
      <properties>
         <property name="deviceName" value=""/>
         <property name="devicePlatform" value=""/>
         <property name="logFolder" value="C:\\Users\\rekha.veerabathran\\Katalon Studio\\KatalonDemoGIT.git\\Reports\\20221111_112557\\Regression Test Suite\\20221111_112600"/>
         <property name="logFiles" value="C:\\Users\\rekha.veerabathran\\Katalon Studio\\KatalonDemoGIT.git\\Reports\\20221111_112557\\Regression Test Suite\\20221111_112600\\execution0.log"/>
         <property name="attachments" value=""/>
         <property name="hostName" value="rekha.veerabathran - HTCLT624.HTCINC.LOCAL"/>
         <property name="os" value="Windows 10 64bit"/>
         <property name="katalonVersion" value="8.5.2.208"/>
         <property name="browser" value="Chrome 107.0.0.0"/>
         <property name="hostAddress" value="192.168.1.2"/>
         <property name="sessionId" value="1c1b9f24f98a7fe64052fadac44e6a82"/>
         <property name="seleniumVersion" value="3.141.59"/>
         <property name="proxyInformation" value="ProxyInformation { proxyOption=NO_PROXY, proxyServerType=HTTP, username=, password=********, proxyServerAddress=, proxyServerPort=0, executionList=&quot;&quot;, isApplyToDesiredCapabilities=true }"/>
         <property name="platform" value="Windows 10"/>
      </properties>
      <testcase name="Test Cases/Demo Test Cases/ManualDemo" time="14.973" classname="Test Cases/Demo Test Cases/ManualDemo" status="PASSED">
         <system-out><![CDATA[2022-11-11 11:26:21 - [TEST_CASE][PASSED] - Test Cases/Demo Test Cases/ManualDemo: Test Cases/Demo Test Cases/ManualDemo

2022-11-11 11:26:22 - [TEST_STEP][PASSED] - openBrowser(""): Browser is opened with url: ''

2022-11-11 11:26:22 - [MESSAGE][INFO] - Starting 'Chrome' driver

2022-11-11 11:26:22 - [MESSAGE][INFO] - Action delay is set to 0 milliseconds

2022-11-11 11:26:25 - [MESSAGE][PASSED] - Browser is opened with url: ''

2022-11-11 11:26:25 - [TEST_STEP][PASSED] - navigateToUrl("https://opensource-demo.orangehrmlive.com/web/index.php/auth/login"): Navigate to 'https://opensource-demo.orangehrmlive.com/web/index.php/auth/login' successfully

2022-11-11 11:26:29 - [MESSAGE][PASSED] - Navigate to 'https://opensource-demo.orangehrmlive.com/web/index.php/auth/login' successfully

2022-11-11 11:26:29 - [TEST_STEP][PASSED] - setText(findTestObject("Page_OrangeHRM/input_Username_username"), "Admin"): Text 'Admin' is set on object 'Object Repository/Page_OrangeHRM/input_Username_username'

2022-11-11 11:26:31 - [MESSAGE][PASSED] - Text 'Admin' is set on object 'Object Repository/Page_OrangeHRM/input_Username_username'

2022-11-11 11:26:31 - [TEST_STEP][PASSED] - setEncryptedText(findTestObject("Page_OrangeHRM/input_Password_password"), "hUKwJTbofgPU9eVlw/CnDQ=="): Text ****** has been set on object 'Object Repository/Page_OrangeHRM/input_Password_password'

2022-11-11 11:26:31 - [MESSAGE][PASSED] - Text ****** has been set on object 'Object Repository/Page_OrangeHRM/input_Password_password'

2022-11-11 11:26:31 - [TEST_STEP][PASSED] - click(findTestObject("Page_OrangeHRM/button_Login")): Object: 'Object Repository/Page_OrangeHRM/button_Login' is clicked on

2022-11-11 11:26:32 - [MESSAGE][PASSED] - Object: 'Object Repository/Page_OrangeHRM/button_Login' is clicked on

2022-11-11 11:26:32 - [TEST_STEP][PASSED] - verifyTextPresent("Dashboard", false): Text 'Dashboard' is present on page 

2022-11-11 11:26:35 - [MESSAGE][PASSED] - Text 'Dashboard' is present on page 

2022-11-11 11:26:35 - [TEST_STEP][PASSED] - closeBrowser(): Browser is closed

2022-11-11 11:26:36 - [MESSAGE][PASSED] - Browser is closed]]></system-out>
         <system-err><![CDATA[]]></system-err>
      </testcase>
      <testcase name="Test Cases/Demo Test Cases/ScriptDemo" time="17.408" classname="Test Cases/Demo Test Cases/ScriptDemo" status="PASSED">
         <system-out><![CDATA[2022-11-11 11:26:36 - [TEST_CASE][PASSED] - Test Cases/Demo Test Cases/ScriptDemo: Test Cases/Demo Test Cases/ScriptDemo

2022-11-11 11:26:37 - [TEST_STEP][PASSED] - openBrowser(""): Browser is opened with url: ''

2022-11-11 11:26:37 - [MESSAGE][INFO] - Starting 'Chrome' driver

2022-11-11 11:26:37 - [MESSAGE][INFO] - Action delay is set to 0 milliseconds

2022-11-11 11:26:39 - [MESSAGE][PASSED] - Browser is opened with url: ''

2022-11-11 11:26:39 - [TEST_STEP][PASSED] - navigateToUrl("https://opensource-demo.orangehrmlive.com/web/index.php/auth/login"): Navigate to 'https://opensource-demo.orangehrmlive.com/web/index.php/auth/login' successfully

2022-11-11 11:26:44 - [MESSAGE][PASSED] - Navigate to 'https://opensource-demo.orangehrmlive.com/web/index.php/auth/login' successfully

2022-11-11 11:26:44 - [TEST_STEP][PASSED] - setText(findTestObject("Page_OrangeHRM/input_Username_username"), "Admin"): Text 'Admin' is set on object 'Object Repository/Page_OrangeHRM/input_Username_username'

2022-11-11 11:26:45 - [MESSAGE][PASSED] - Text 'Admin' is set on object 'Object Repository/Page_OrangeHRM/input_Username_username'

2022-11-11 11:26:45 - [TEST_STEP][PASSED] - setText(findTestObject("Page_OrangeHRM/input_Password_password"), "admin123"): Text 'admin123' is set on object 'Object Repository/Page_OrangeHRM/input_Password_password'

2022-11-11 11:26:46 - [MESSAGE][PASSED] - Text 'admin123' is set on object 'Object Repository/Page_OrangeHRM/input_Password_password'

2022-11-11 11:26:46 - [TEST_STEP][PASSED] - verifyTextPresent("Login", false): Text 'Login' is present on page 

2022-11-11 11:26:47 - [MESSAGE][PASSED] - Text 'Login' is present on page 

2022-11-11 11:26:47 - [TEST_STEP][PASSED] - click(findTestObject("Page_OrangeHRM/button_Login")): Object: 'Object Repository/Page_OrangeHRM/button_Login' is clicked on

2022-11-11 11:26:47 - [MESSAGE][PASSED] - Object: 'Object Repository/Page_OrangeHRM/button_Login' is clicked on

2022-11-11 11:26:47 - [TEST_STEP][PASSED] - delay(5): Delayed 5 second(s)

2022-11-11 11:26:52 - [MESSAGE][PASSED] - Delayed 5 second(s)

2022-11-11 11:26:52 - [TEST_STEP][PASSED] - verifyTextPresent("Dashboard", false): Text 'Dashboard' is present on page 

2022-11-11 11:26:52 - [MESSAGE][PASSED] - Text 'Dashboard' is present on page 

2022-11-11 11:26:52 - [TEST_STEP][PASSED] - closeBrowser(): Browser is closed

2022-11-11 11:26:54 - [MESSAGE][PASSED] - Browser is closed]]></system-out>
         <system-err><![CDATA[]]></system-err>
      </testcase>
      <system-out><![CDATA[2022-11-11 11:26:21 - [TEST_SUITE][PASSED] - Regression Test Suite: Test Cases/Demo Test Cases/ScriptDemo]]></system-out>
      <system-err><![CDATA[]]></system-err>
   </testsuite>
</testsuites>
