<?xml version="1.0" encoding="UTF-8"?>
<testsuites name="Regression Test Suite" time="40.707" tests="2" failures="0" errors="0">
   <testsuite name="Regression Test Suite" tests="2" failures="0" errors="0" time="40.707" skipped="0" timestamp="2022-11-11 11:19:12" hostname="rekha.veerabathran - HTCLT624.HTCINC.LOCAL" id="Test Suites/Regression Test Suite">
      <properties>
         <property name="deviceName" value=""/>
         <property name="devicePlatform" value=""/>
         <property name="logFolder" value="C:\\Users\\rekha.veerabathran\\Katalon Studio\\KatalonDemoGIT.git\\Reports\\20221111_111901\\Regression Test Suite\\20221111_111901"/>
         <property name="logFiles" value="C:\\Users\\rekha.veerabathran\\Katalon Studio\\KatalonDemoGIT.git\\Reports\\20221111_111901\\Regression Test Suite\\20221111_111901\\execution0.log"/>
         <property name="attachments" value=""/>
         <property name="hostName" value="rekha.veerabathran - HTCLT624.HTCINC.LOCAL"/>
         <property name="os" value="Windows 10 64bit"/>
         <property name="katalonVersion" value="8.5.2.208"/>
         <property name="browser" value="Chrome 107.0.0.0"/>
         <property name="hostAddress" value="192.168.1.2"/>
         <property name="sessionId" value="fa3ed815bf2752552d3c74d151a995e1"/>
         <property name="seleniumVersion" value="3.141.59"/>
         <property name="proxyInformation" value="ProxyInformation { proxyOption=NO_PROXY, proxyServerType=HTTP, username=, password=********, proxyServerAddress=, proxyServerPort=0, executionList=&quot;&quot;, isApplyToDesiredCapabilities=true }"/>
         <property name="platform" value="Windows 10"/>
      </properties>
      <testcase name="Test Cases/Demo Test Cases/ManualDemo" time="21.322" classname="Test Cases/Demo Test Cases/ManualDemo" status="PASSED">
         <system-out><![CDATA[2022-11-11 11:19:13 - [TEST_CASE][PASSED] - Test Cases/Demo Test Cases/ManualDemo: Test Cases/Demo Test Cases/ManualDemo

2022-11-11 11:19:14 - [TEST_STEP][PASSED] - openBrowser(""): Browser is opened with url: ''

2022-11-11 11:19:15 - [MESSAGE][INFO] - Starting 'Chrome' driver

2022-11-11 11:19:15 - [MESSAGE][INFO] - Action delay is set to 0 milliseconds

2022-11-11 11:19:22 - [MESSAGE][PASSED] - Browser is opened with url: ''

2022-11-11 11:19:22 - [TEST_STEP][PASSED] - navigateToUrl("https://opensource-demo.orangehrmlive.com/web/index.php/auth/login"): Navigate to 'https://opensource-demo.orangehrmlive.com/web/index.php/auth/login' successfully

2022-11-11 11:19:28 - [MESSAGE][PASSED] - Navigate to 'https://opensource-demo.orangehrmlive.com/web/index.php/auth/login' successfully

2022-11-11 11:19:28 - [TEST_STEP][PASSED] - setText(findTestObject("Page_OrangeHRM/input_Username_username"), "Admin"): Text 'Admin' is set on object 'Object Repository/Page_OrangeHRM/input_Username_username'

2022-11-11 11:19:29 - [MESSAGE][PASSED] - Text 'Admin' is set on object 'Object Repository/Page_OrangeHRM/input_Username_username'

2022-11-11 11:19:29 - [TEST_STEP][PASSED] - setEncryptedText(findTestObject("Page_OrangeHRM/input_Password_password"), "hUKwJTbofgPU9eVlw/CnDQ=="): Text ****** has been set on object 'Object Repository/Page_OrangeHRM/input_Password_password'

2022-11-11 11:19:30 - [MESSAGE][PASSED] - Text ****** has been set on object 'Object Repository/Page_OrangeHRM/input_Password_password'

2022-11-11 11:19:30 - [TEST_STEP][PASSED] - click(findTestObject("Page_OrangeHRM/button_Login")): Object: 'Object Repository/Page_OrangeHRM/button_Login' is clicked on

2022-11-11 11:19:30 - [MESSAGE][PASSED] - Object: 'Object Repository/Page_OrangeHRM/button_Login' is clicked on

2022-11-11 11:19:30 - [TEST_STEP][PASSED] - verifyTextPresent("Dashboard", false): Text 'Dashboard' is present on page 

2022-11-11 11:19:33 - [MESSAGE][PASSED] - Text 'Dashboard' is present on page 

2022-11-11 11:19:33 - [TEST_STEP][PASSED] - closeBrowser(): Browser is closed

2022-11-11 11:19:35 - [MESSAGE][PASSED] - Browser is closed]]></system-out>
         <system-err><![CDATA[]]></system-err>
      </testcase>
      <testcase name="Test Cases/Demo Test Cases/ScriptDemo" time="18.534" classname="Test Cases/Demo Test Cases/ScriptDemo" status="PASSED">
         <system-out><![CDATA[2022-11-11 11:19:35 - [TEST_CASE][PASSED] - Test Cases/Demo Test Cases/ScriptDemo: Test Cases/Demo Test Cases/ScriptDemo

2022-11-11 11:19:35 - [TEST_STEP][PASSED] - openBrowser(""): Browser is opened with url: ''

2022-11-11 11:19:35 - [MESSAGE][INFO] - Starting 'Chrome' driver

2022-11-11 11:19:35 - [MESSAGE][INFO] - Action delay is set to 0 milliseconds

2022-11-11 11:19:38 - [MESSAGE][PASSED] - Browser is opened with url: ''

2022-11-11 11:19:38 - [TEST_STEP][PASSED] - navigateToUrl("https://opensource-demo.orangehrmlive.com/web/index.php/auth/login"): Navigate to 'https://opensource-demo.orangehrmlive.com/web/index.php/auth/login' successfully

2022-11-11 11:19:43 - [MESSAGE][PASSED] - Navigate to 'https://opensource-demo.orangehrmlive.com/web/index.php/auth/login' successfully

2022-11-11 11:19:43 - [TEST_STEP][PASSED] - setText(findTestObject("Page_OrangeHRM/input_Username_username"), "Admin"): Text 'Admin' is set on object 'Object Repository/Page_OrangeHRM/input_Username_username'

2022-11-11 11:19:45 - [MESSAGE][PASSED] - Text 'Admin' is set on object 'Object Repository/Page_OrangeHRM/input_Username_username'

2022-11-11 11:19:45 - [TEST_STEP][PASSED] - setText(findTestObject("Page_OrangeHRM/input_Password_password"), "admin123"): Text 'admin123' is set on object 'Object Repository/Page_OrangeHRM/input_Password_password'

2022-11-11 11:19:45 - [MESSAGE][PASSED] - Text 'admin123' is set on object 'Object Repository/Page_OrangeHRM/input_Password_password'

2022-11-11 11:19:45 - [TEST_STEP][PASSED] - verifyTextPresent("Login", false): Text 'Login' is present on page 

2022-11-11 11:19:46 - [MESSAGE][PASSED] - Text 'Login' is present on page 

2022-11-11 11:19:46 - [TEST_STEP][PASSED] - click(findTestObject("Page_OrangeHRM/button_Login")): Object: 'Object Repository/Page_OrangeHRM/button_Login' is clicked on

2022-11-11 11:19:46 - [MESSAGE][PASSED] - Object: 'Object Repository/Page_OrangeHRM/button_Login' is clicked on

2022-11-11 11:19:46 - [TEST_STEP][PASSED] - delay(5): Delayed 5 second(s)

2022-11-11 11:19:51 - [MESSAGE][PASSED] - Delayed 5 second(s)

2022-11-11 11:19:51 - [TEST_STEP][PASSED] - verifyTextPresent("Dashboard", false): Text 'Dashboard' is present on page 

2022-11-11 11:19:52 - [MESSAGE][PASSED] - Text 'Dashboard' is present on page 

2022-11-11 11:19:52 - [TEST_STEP][PASSED] - closeBrowser(): Browser is closed

2022-11-11 11:19:53 - [MESSAGE][PASSED] - Browser is closed]]></system-out>
         <system-err><![CDATA[]]></system-err>
      </testcase>
      <system-out><![CDATA[2022-11-11 11:19:12 - [TEST_SUITE][PASSED] - Regression Test Suite: Test Cases/Demo Test Cases/ScriptDemo]]></system-out>
      <system-err><![CDATA[]]></system-err>
   </testsuite>
</testsuites>
