<?xml version="1.0" encoding="UTF-8"?>
<testsuites name="Regression Test Suite" time="25.655" tests="1" failures="0" errors="0">
   <testsuite name="Regression Test Suite" tests="1" failures="0" errors="0" time="25.655" skipped="0" timestamp="2022-11-18 07:52:12" hostname="rekha.veerabathran - HTCLT624.HTCINC.LOCAL" id="Test Suites/Regression Test Suite">
      <properties>
         <property name="deviceName" value=""/>
         <property name="devicePlatform" value=""/>
         <property name="logFolder" value="C:\\Users\\rekha.veerabathran\\Katalon Studio\\KatalonDemoGIT.git\\Reports\\20221118_075159\\Regression Test Suite\\20221118_075159"/>
         <property name="logFiles" value="C:\\Users\\rekha.veerabathran\\Katalon Studio\\KatalonDemoGIT.git\\Reports\\20221118_075159\\Regression Test Suite\\20221118_075159\\execution0.log"/>
         <property name="attachments" value=""/>
         <property name="hostName" value="rekha.veerabathran - HTCLT624.HTCINC.LOCAL"/>
         <property name="os" value="Windows 10 64bit"/>
         <property name="katalonVersion" value="8.5.2.208"/>
         <property name="browser" value="Chrome 107.0.5304.107"/>
         <property name="hostAddress" value="192.168.1.2"/>
         <property name="sessionId" value="89566cdfc7c42c0c6a0e1a4256791444"/>
         <property name="seleniumVersion" value="3.141.59"/>
         <property name="proxyInformation" value="ProxyInformation { proxyOption=NO_PROXY, proxyServerType=HTTP, username=, password=********, proxyServerAddress=, proxyServerPort=0, executionList=&quot;&quot;, isApplyToDesiredCapabilities=true }"/>
         <property name="platform" value="Windows 10"/>
      </properties>
      <testcase name="Test Cases/Demo Test Cases/ManualDemo" time="24.941" classname="Test Cases/Demo Test Cases/ManualDemo" status="PASSED">
         <system-out><![CDATA[2022-11-18 07:52:13 - [TEST_CASE][PASSED] - Test Cases/Demo Test Cases/ManualDemo: Test Cases/Demo Test Cases/ManualDemo

2022-11-18 07:52:14 - [TEST_STEP][PASSED] - openBrowser(""): Browser is opened with url: ''

2022-11-18 07:52:15 - [MESSAGE][INFO] - Starting 'Chrome (headless)' driver

2022-11-18 07:52:15 - [MESSAGE][INFO] - Action delay is set to 0 milliseconds

2022-11-18 07:52:19 - [MESSAGE][PASSED] - Browser is opened with url: ''

2022-11-18 07:52:19 - [TEST_STEP][PASSED] - navigateToUrl("https://opensource-demo.orangehrmlive.com/web/index.php/auth/login"): Navigate to 'https://opensource-demo.orangehrmlive.com/web/index.php/auth/login' successfully

2022-11-18 07:52:29 - [MESSAGE][PASSED] - Navigate to 'https://opensource-demo.orangehrmlive.com/web/index.php/auth/login' successfully

2022-11-18 07:52:29 - [TEST_STEP][PASSED] - setText(findTestObject("Page_OrangeHRM/input_Username_username"), "Admin"): Text 'Admin' is set on object 'Object Repository/Page_OrangeHRM/input_Username_username'

2022-11-18 07:52:30 - [MESSAGE][PASSED] - Text 'Admin' is set on object 'Object Repository/Page_OrangeHRM/input_Username_username'

2022-11-18 07:52:30 - [TEST_STEP][PASSED] - setEncryptedText(findTestObject("Page_OrangeHRM/input_Password_password"), "hUKwJTbofgPU9eVlw/CnDQ=="): Text ****** has been set on object 'Object Repository/Page_OrangeHRM/input_Password_password'

2022-11-18 07:52:31 - [MESSAGE][PASSED] - Text ****** has been set on object 'Object Repository/Page_OrangeHRM/input_Password_password'

2022-11-18 07:52:31 - [TEST_STEP][PASSED] - click(findTestObject("Page_OrangeHRM/button_Login")): Object: 'Object Repository/Page_OrangeHRM/button_Login' is clicked on

2022-11-18 07:52:31 - [MESSAGE][PASSED] - Object: 'Object Repository/Page_OrangeHRM/button_Login' is clicked on

2022-11-18 07:52:31 - [TEST_STEP][PASSED] - delay(5): Delayed 5 second(s)

2022-11-18 07:52:36 - [MESSAGE][PASSED] - Delayed 5 second(s)

2022-11-18 07:52:36 - [TEST_STEP][PASSED] - verifyTextPresent("Dashboard", false): Text 'Dashboard' is present on page 

2022-11-18 07:52:36 - [MESSAGE][PASSED] - Text 'Dashboard' is present on page 

2022-11-18 07:52:36 - [TEST_STEP][PASSED] - verifyElementText(findTestObject("Object Repository/Page_OrangeHRM/p_Time at Work"), "Time at Work"): Actual text and expected text of test object 'Object Repository/Page_OrangeHRM/p_Time at Work' are matched.

2022-11-18 07:52:36 - [MESSAGE][PASSED] - Actual text and expected text of test object 'Object Repository/Page_OrangeHRM/p_Time at Work' are matched.

2022-11-18 07:52:36 - [TEST_STEP][PASSED] - verifyElementPresent(findTestObject("Object Repository/Page_OrangeHRM/p_Punched Out"), 0): Object 'Object Repository/Page_OrangeHRM/p_Punched Out' is present

2022-11-18 07:52:36 - [MESSAGE][WARNING] - Timeout '0' is invalid. Using default page load timeout: '30'

2022-11-18 07:52:36 - [MESSAGE][PASSED] - Object 'Object Repository/Page_OrangeHRM/p_Punched Out' is present

2022-11-18 07:52:36 - [TEST_STEP][PASSED] - verifyElementPresent(findTestObject("Object Repository/Page_OrangeHRM/p_Punched Out"), 0): Object 'Object Repository/Page_OrangeHRM/p_Punched Out' is present

2022-11-18 07:52:36 - [MESSAGE][WARNING] - Timeout '0' is invalid. Using default page load timeout: '30'

2022-11-18 07:52:37 - [MESSAGE][PASSED] - Object 'Object Repository/Page_OrangeHRM/p_Punched Out' is present

2022-11-18 07:52:37 - [TEST_STEP][PASSED] - closeBrowser(): Browser is closed

2022-11-18 07:52:38 - [MESSAGE][PASSED] - Browser is closed]]></system-out>
         <system-err><![CDATA[]]></system-err>
      </testcase>
      <system-out><![CDATA[2022-11-18 07:52:12 - [TEST_SUITE][PASSED] - Regression Test Suite: Test Cases/Demo Test Cases/ManualDemo]]></system-out>
      <system-err><![CDATA[]]></system-err>
   </testsuite>
</testsuites>
